


materialPath: D:\VCCMod\VCCMod1Assts\materials
Loading d:\vccmod\vccmod1assts\sources\maps\toothpaste\background01.vmf
Map revision 39
Could not locate 'GameData' key in d:\vccmod\vccmod1assts\gameinfo.txt
fixing up env_cubemap materials on brush sides...
0...1...2...3...4...5...6...7...8...9...100...1...2...3...4...5...6...7...8...9...10Processing areas...done (0)
Building Faces...done (0)
Chop Details...done (0)
Find Visible Detail Sides...
Merged 46 detail faces...done (0)
Merging details...done (0)
FixTjuncs...
PruneNodes...
WriteBSP...
done (0)
writing d:\vccmod\vccmod1assts\sources\maps\toothpaste\background01.prt...Building visibility clusters...
done (0)
Finding displacement neighbors...
Finding lightmap sample positions...
Displacement Alpha : 0...1...2...3...4...5...6...7...8...9...10
Building Physics collision data...
done (0) (19894 bytes)
Placing detail props : 0...1...2...3...4...5...6...7...8...9...10
Compacting texture/material tables...
Reduced 79 texinfos to 49
Reduced 15 texdatas to 15 (359 bytes to 359)
Writing d:\vccmod\vccmod1assts\sources\maps\toothpaste\background01.bsp
0 seconds elapsed



12 threads
reading d:\vccmod\vccmod1assts\sources\maps\toothpaste\background01.bsp
reading d:\vccmod\vccmod1assts\sources\maps\toothpaste\background01.prt
  36 portalclusters
  88 numportals
0...1...2...3...4...5...6...7...8...9...100...1...2...3...4...5...6...7...8...9...10Optimized: 1 visible clusters (0.00%)
Total clusters visible: 1135
Average clusters visible: 31
Building PAS...
Average clusters audible: 36
visdatasize:652  compressed from 576
writing d:\vccmod\vccmod1assts\sources\maps\toothpaste\background01.bsp
0 seconds elapsed



[Reading texlights from 'lights.rad']
[49 texlights parsed from 'lights.rad']

Loading d:\vccmod\vccmod1assts\sources\maps\toothpaste\background01.bsp
139 faces
15433 square feet [2222398.25 square inches]
0 Displacements
0 Square Feet [0.00 Square Inches]
139 patches before subdivision
4559 patches after subdivision
3 direct lights
0...1...2...3...4...5...6...7...8...9...100...1...2...3...4...5...6...7...8...9...10transfers 182459, max 193
transfer lists:   1.4 megs
0...1...2...3...4...5...6...7...8...9...10	Bounce #1 added RGB(3008, 3205, 3151)
0...1...2...3...4...5...6...7...8...9...10	Bounce #2 added RGB(205, 209, 186)
0...1...2...3...4...5...6...7...8...9...10	Bounce #3 added RGB(13, 11, 8)
0...1...2...3...4...5...6...7...8...9...10	Bounce #4 added RGB(1, 1, 1)
Build Patch/Sample Hash Table(s).....Done<0.0008 sec>
0...1...2...3...4...5...6...7...8...9...10FinalLightFace Done
0 of 0 (0% of) surface lights went in leaf ambient cubes.
0...1...2...3...4...5...6...7...8...9...10Writing leaf ambient...done
Ready to Finish

Object names       Objects/Maxobjs  Memory / Maxmem  Fullness 
------------       ---------------  ---------------  -------- 
models                   1/4096           48/196608   ( 0.0%) 
brushes                 56/32768         672/393216   ( 0.2%) 
brushsides             368/65536        2944/524288   ( 0.6%) 
planes                 214/65536        4280/1310720  ( 0.3%) 
vertexes               339/65536        4068/786432   ( 0.5%) 
nodes                   92/65536        2944/2097152  ( 0.1%) 
texinfos                49/12288        3528/884736   ( 0.4%) 
texdata                 15/2048          480/65536    ( 0.7%) 
dispinfos                0/0               0/0        ( 0.0%) 
disp_verts               0/0               0/0        ( 0.0%) 
disp_tris                0/0               0/0        ( 0.0%) 
disp_lmsamples           0/0               0/0        ( 0.0%) 
faces                  139/65536        7784/3670016  ( 0.2%) 
hdr faces              139/65536        7784/3670016  ( 0.2%) 
origfaces               91/65536        5096/3670016  ( 0.1%) 
leaves                  94/65536        3008/2097152  ( 0.1%) 
leaffaces              144/65536         288/131072   ( 0.2%) 
leafbrushes             86/65536         172/131072   ( 0.1%) 
areas                    2/1024           16/8192     ( 0.2%) 
surfedges             1087/512000       4348/2048000  ( 0.2%) 
edges                  725/256000       2900/1024000  ( 0.3%) 
LDR worldlights          0/16384           0/1441792  ( 0.0%) 
HDR worldlights          3/16384         264/1441792  ( 0.0%) 
leafwaterdata            0/32768           0/393216   ( 0.0%) 
waterstrips             24/131072        240/1310720  ( 0.0%) 
waterverts               0/131072          0/1572864  ( 0.0%) 
waterindices           408/131072        816/262144   ( 0.3%) 
cubemapsamples           0/1024            0/16384    ( 0.0%) 
overlays                 0/1024            0/360448   ( 0.0%) 
LDR lightdata         [variable]           0/0        ( 0.0%) 
HDR lightdata         [variable]      215744/0        ( 0.0%) 
visdata               [variable]         652/16777216 ( 0.0%) 
entdata               [variable]        4128/393216   ( 1.0%) 
LDR ambient table       94/65536         376/262144   ( 0.1%) 
HDR ambient table       94/65536         376/262144   ( 0.1%) 
LDR leaf ambient        94/65536        2632/1835008  ( 0.1%) 
HDR leaf ambient       455/65536       12740/1835008  ( 0.7%) 
occluders                0/0               0/0        ( 0.0%) 
occluder polygons        0/0               0/0        ( 0.0%) 
occluder vert ind        0/0               0/0        ( 0.0%) 
detail props          [variable]           1/12       ( 8.3%) 
static props          [variable]           1/12       ( 8.3%) 
pakfile               [variable]          54/0        ( 0.0%) 
physics               [variable]       19894/4194304  ( 0.5%) 
physics terrain       [variable]           2/1048576  ( 0.0%) 

Level flags = 2

Total triangle count: 445
Writing d:\vccmod\vccmod1assts\sources\maps\toothpaste\background01.bsp
2 seconds elapsed



materialPath: D:\VCCMod\VCCMod1Assts\materials
Loading d:\vccmod\vccmod1assts\sources\maps\toothpaste\background01.vmf
Map revision 39
Could not locate 'GameData' key in d:\vccmod\vccmod1assts\gameinfo.txt
fixing up env_cubemap materials on brush sides...
0...1...2...3...4...5...6...7...8...9...100...1...2...3...4...5...6...7...8...9...10Processing areas...done (0)
Building Faces...done (0)
Chop Details...done (0)
Find Visible Detail Sides...
Merged 46 detail faces...done (0)
Merging details...done (0)
FixTjuncs...
PruneNodes...
WriteBSP...
done (0)
writing d:\vccmod\vccmod1assts\sources\maps\toothpaste\background01.prt...Building visibility clusters...
done (0)
Finding displacement neighbors...
Finding lightmap sample positions...
Displacement Alpha : 0...1...2...3...4...5...6...7...8...9...10
Building Physics collision data...
done (0) (19894 bytes)
Placing detail props : 0...1...2...3...4...5...6...7...8...9...10
Compacting texture/material tables...
Reduced 79 texinfos to 49
Reduced 15 texdatas to 15 (359 bytes to 359)
Writing d:\vccmod\vccmod1assts\sources\maps\toothpaste\background01.bsp
0 seconds elapsed



12 threads
reading d:\vccmod\vccmod1assts\sources\maps\toothpaste\background01.bsp
reading d:\vccmod\vccmod1assts\sources\maps\toothpaste\background01.prt
  36 portalclusters
  88 numportals
0...1...2...3...4...5...6...7...8...9...100...1...2...3...4...5...6...7...8...9...10Optimized: 1 visible clusters (0.00%)
Total clusters visible: 1135
Average clusters visible: 31
Building PAS...
Average clusters audible: 36
visdatasize:652  compressed from 576
writing d:\vccmod\vccmod1assts\sources\maps\toothpaste\background01.bsp
0 seconds elapsed



[Reading texlights from 'lights.rad']
[49 texlights parsed from 'lights.rad']

Loading d:\vccmod\vccmod1assts\sources\maps\toothpaste\background01.bsp
139 faces
15433 square feet [2222398.25 square inches]
0 Displacements
0 Square Feet [0.00 Square Inches]
139 patches before subdivision
4559 patches after subdivision
3 direct lights
0...1...2...3...4...5...6...7...8...9...100...1...2...3...4...5...6...7...8...9...10transfers 182459, max 193
transfer lists:   1.4 megs
0...1...2...3...4...5...6...7...8...9...10	Bounce #1 added RGB(3008, 3205, 3151)
0...1...2...3...4...5...6...7...8...9...10	Bounce #2 added RGB(205, 209, 186)
0...1...2...3...4...5...6...7...8...9...10	Bounce #3 added RGB(13, 11, 8)
0...1...2...3...4...5...6...7...8...9...10	Bounce #4 added RGB(1, 1, 1)
Build Patch/Sample Hash Table(s).....Done<0.0006 sec>
0...1...2...3...4...5...6...7...8...9...10FinalLightFace Done
0 of 0 (0% of) surface lights went in leaf ambient cubes.
0...1...2...3...4...5...6...7...8...9...10Writing leaf ambient...done
Ready to Finish

Object names       Objects/Maxobjs  Memory / Maxmem  Fullness 
------------       ---------------  ---------------  -------- 
models                   1/4096           48/196608   ( 0.0%) 
brushes                 56/32768         672/393216   ( 0.2%) 
brushsides             368/65536        2944/524288   ( 0.6%) 
planes                 214/65536        4280/1310720  ( 0.3%) 
vertexes               339/65536        4068/786432   ( 0.5%) 
nodes                   92/65536        2944/2097152  ( 0.1%) 
texinfos                49/12288        3528/884736   ( 0.4%) 
texdata                 15/2048          480/65536    ( 0.7%) 
dispinfos                0/0               0/0        ( 0.0%) 
disp_verts               0/0               0/0        ( 0.0%) 
disp_tris                0/0               0/0        ( 0.0%) 
disp_lmsamples           0/0               0/0        ( 0.0%) 
faces                  139/65536        7784/3670016  ( 0.2%) 
hdr faces              139/65536        7784/3670016  ( 0.2%) 
origfaces               91/65536        5096/3670016  ( 0.1%) 
leaves                  94/65536        3008/2097152  ( 0.1%) 
leaffaces              144/65536         288/131072   ( 0.2%) 
leafbrushes             86/65536         172/131072   ( 0.1%) 
areas                    2/1024           16/8192     ( 0.2%) 
surfedges             1087/512000       4348/2048000  ( 0.2%) 
edges                  725/256000       2900/1024000  ( 0.3%) 
LDR worldlights          0/16384           0/1441792  ( 0.0%) 
HDR worldlights          3/16384         264/1441792  ( 0.0%) 
leafwaterdata            0/32768           0/393216   ( 0.0%) 
waterstrips             24/131072        240/1310720  ( 0.0%) 
waterverts               0/131072          0/1572864  ( 0.0%) 
waterindices           408/131072        816/262144   ( 0.3%) 
cubemapsamples           0/1024            0/16384    ( 0.0%) 
overlays                 0/1024            0/360448   ( 0.0%) 
LDR lightdata         [variable]           0/0        ( 0.0%) 
HDR lightdata         [variable]      215744/0        ( 0.0%) 
visdata               [variable]         652/16777216 ( 0.0%) 
entdata               [variable]        4128/393216   ( 1.0%) 
LDR ambient table       94/65536         376/262144   ( 0.1%) 
HDR ambient table       94/65536         376/262144   ( 0.1%) 
LDR leaf ambient        94/65536        2632/1835008  ( 0.1%) 
HDR leaf ambient       455/65536       12740/1835008  ( 0.7%) 
occluders                0/0               0/0        ( 0.0%) 
occluder polygons        0/0               0/0        ( 0.0%) 
occluder vert ind        0/0               0/0        ( 0.0%) 
detail props          [variable]           1/12       ( 8.3%) 
static props          [variable]           1/12       ( 8.3%) 
pakfile               [variable]          54/0        ( 0.0%) 
physics               [variable]       19894/4194304  ( 0.5%) 
physics terrain       [variable]           2/1048576  ( 0.0%) 

Level flags = 2

Total triangle count: 445
Writing d:\vccmod\vccmod1assts\sources\maps\toothpaste\background01.bsp
2 seconds elapsed
