PRT1
36
88
4 0 4 (448 1024 1536 ) (304 1024 1536 ) (304 1024 576 ) (448 1024 576 ) 
4 0 2 (304 1216 1536 ) (304 1216 576 ) (304 1024 576 ) (304 1024 1536 ) 
4 1 13 (304 1024 0 ) (304 1024 -8 ) (448 1024 -8 ) (448 1024 0 ) 
4 1 2 (304 1216 0 ) (304 1216 -8 ) (304 1024 -8 ) (304 1024 0 ) 
4 2 15 (0 1024 0 ) (0 1024 -8 ) (64 1024 -8 ) (64 1024 0 ) 
4 2 14 (64 1024 -8 ) (256 1024 -8 ) (256 1024 0 ) (64 1024 0 ) 
4 2 13 (256 1024 -8 ) (304 1024 -8 ) (304 1024 0 ) (256 1024 0 ) 
4 2 12 (304 1024 1536 ) (0 1024 1536 ) (0 1024 0 ) (304 1024 0 ) 
4 2 3 (0 1024 -8 ) (0 1024 1536 ) (0 1216 1536 ) (0 1216 -8 ) 
4 3 33 (0 1024 -8 ) (0 1024 0 ) (-192 1024 0 ) (-192 1024 -8 ) 
4 3 29 (-64 1024 208 ) (-68 1024 208 ) (-68 1024 0 ) (-64 1024 0 ) 
4 3 30 (-68 1024 208 ) (-192 1024 208 ) (-192 1024 0 ) (-68 1024 0 ) 
4 3 19 (0 1024 0 ) (0 1024 208 ) (-64 1024 208 ) (-64 1024 0 ) 
4 3 18 (0 1024 208 ) (0 1024 1536 ) (-192 1024 1536 ) (-192 1024 208 ) 
4 4 16 (304 0 1536 ) (304 0 576 ) (448 0 576 ) (448 0 1536 ) 
4 4 12 (304 0 576 ) (304 0 1536 ) (304 1024 1536 ) (304 1024 576 ) 
4 4 6 (304 192 576 ) (304 832 576 ) (448 832 576 ) (448 192 576 ) 
4 4 7 (304 0 576 ) (304 192 576 ) (448 192 576 ) (448 0 576 ) 
4 4 5 (304 832 576 ) (304 864 576 ) (448 864 576 ) (448 832 576 ) 
4 5 12 (304 832 576 ) (304 864 576 ) (304 864 256 ) (304 832 256 ) 
4 5 8 (304 832 256 ) (304 864 256 ) (448 864 256 ) (448 832 256 ) 
4 5 6 (448 832 512 ) (448 832 576 ) (304 832 576 ) (304 832 512 ) 
4 6 12 (304 192 576 ) (304 832 576 ) (304 832 512 ) (304 192 512 ) 
4 6 7 (448 192 512 ) (448 192 576 ) (304 192 576 ) (304 192 512 ) 
4 7 16 (304 0 576 ) (304 0 256 ) (448 0 256 ) (448 0 576 ) 
4 7 12 (304 0 256 ) (304 0 576 ) (304 192 576 ) (304 192 256 ) 
4 7 11 (304 0 256 ) (304 192 256 ) (448 192 256 ) (448 0 256 ) 
4 8 12 (304 864 0 ) (304 832 0 ) (304 832 256 ) (304 864 256 ) 
4 8 9 (448 832 0 ) (448 832 256 ) (384 832 256 ) (384 832 0 ) 
4 8 10 (336 832 256 ) (304 832 256 ) (304 832 0 ) (336 832 0 ) 
4 10 12 (304 832 0 ) (304 320 0 ) (304 320 256 ) (304 832 256 ) 
4 11 16 (304 0 256 ) (304 0 0 ) (448 0 0 ) (448 0 256 ) 
4 11 12 (304 320 0 ) (304 0 0 ) (304 0 256 ) (304 320 256 ) 
4 12 21 (0 0 8 ) (0 0 16 ) (0 92 16 ) (0 92 8 ) 
4 12 20 (0 0 16 ) (0 0 208 ) (0 176 208 ) (0 176 16 ) 
4 12 19 (0 1024 208 ) (0 1024 0 ) (0 184 0 ) (0 184 208 ) 
4 12 18 (0 1024 1536 ) (0 1024 208 ) (0 0 208 ) (0 0 1536 ) 
4 12 16 (0 0 1536 ) (0 0 0 ) (304 0 0 ) (304 0 1536 ) 
4 12 15 (0 384 0 ) (0 1024 0 ) (64 1024 0 ) (64 384 0 ) 
4 12 14 (64 832 0 ) (64 1024 0 ) (256 1024 0 ) (256 832 0 ) 
4 12 13 (256 960 0 ) (256 1024 0 ) (304 1024 0 ) (304 960 0 ) 
4 13 14 (256 1024 -8 ) (256 960 -8 ) (256 960 0 ) (256 1024 0 ) 
4 14 15 (64 1024 -8 ) (64 832 -8 ) (64 832 0 ) (64 1024 0 ) 
4 15 33 (0 1024 0 ) (0 1024 -8 ) (0 384 -8 ) (0 384 0 ) 
4 16 34 (0 -64 1536 ) (0 0 1536 ) (0 0 0 ) (0 -64 0 ) 
4 16 35 (0 -192 1536 ) (0 -64 1536 ) (0 -64 0 ) (0 -192 0 ) 
4 16 17 (64 -192 0 ) (0 -192 0 ) (0 -64 0 ) (64 -64 0 ) 
4 17 35 (0 -64 -8 ) (0 -192 -8 ) (0 -192 0 ) (0 -64 0 ) 
4 18 34 (0 0 208 ) (0 0 1536 ) (-192 0 1536 ) (-192 0 208 ) 
3 18 31 (-180 12 208 ) (-64 128 208 ) (-64 12 208 ) 
4 18 32 (-64 0 208 ) (-192 0 208 ) (-180 12 208 ) (-64 12 208 ) 
4 18 29 (-68 1024 208 ) (-64 1024 208 ) (-64 176 208 ) (-68 176 208 ) 
4 18 30 (-192 256 208 ) (-192 1024 208 ) (-68 1024 208 ) (-68 132 208 ) 
3 18 23 (-192 8 208 ) (-192 256 208 ) (-68 132 208 ) 
4 18 20 (0 0 208 ) (-64 0 208 ) (-64 176 208 ) (0 176 208 ) 
4 18 19 (-64 184 208 ) (-64 1024 208 ) (0 1024 208 ) (0 184 208 ) 
4 19 33 (-64 184 0 ) (-64 1024 0 ) (0 1024 0 ) (0 184 0 ) 
4 19 29 (-64 1024 0 ) (-64 184 0 ) (-64 184 208 ) (-64 1024 208 ) 
4 20 34 (0 0 16 ) (0 0 208 ) (-64 0 208 ) (-64 0 16 ) 
4 20 31 (-64 12 208 ) (-64 128 208 ) (-64 128 16 ) (-64 12 16 ) 
4 20 32 (-64 0 16 ) (-64 0 208 ) (-64 12 208 ) (-64 12 16 ) 
4 20 22 (-12 0 16 ) (-64 0 16 ) (-64 12 16 ) (-12 12 16 ) 
4 20 21 (0 0 16 ) (-12 0 16 ) (-12 92 16 ) (0 92 16 ) 
4 21 34 (0 0 8 ) (0 0 16 ) (-12 0 16 ) (-12 0 8 ) 
4 21 22 (-12 12 8 ) (-12 0 8 ) (-12 0 16 ) (-12 12 16 ) 
4 22 34 (-12 0 16 ) (-64 0 16 ) (-64 0 8 ) (-12 0 8 ) 
4 22 32 (-64 0 8 ) (-64 0 16 ) (-64 12 16 ) (-64 12 8 ) 
4 23 30 (-68 132 128 ) (-192 256 128 ) (-192 256 208 ) (-68 132 208 ) 
3 23 24 (-192 256.003906 128 ) (-71.998047 136.001953 128 ) (-192 16 128 ) 
4 24 30 (-72 136 16 ) (-192 256 16 ) (-192 256 128 ) (-72 136 128 ) 
4 24 27 (-192 256.003906 16 ) (-71.998047 136.001953 16 ) (-185.600082 22.399918 16 ) (-192 26.666000 16 ) 
3 24 26 (-185.600082 22.399918 16 ) (-192 16 16 ) (-192 26.666000 16 ) 
4 25 31 (-64 128.001953 16 ) (-64 128.001953 128 ) (-180.001953 12 128 ) (-180.001953 12 16 ) 
4 25 32 (-180.001953 12 128 ) (-192 0.001956 128 ) (-192 0.001959 16 ) (-180.001953 12 16 ) 
4 25 26 (-176.001923 16.001961 16 ) (-192 0.003891 16 ) (-192 8 16 ) (-180.799850 19.200169 16 ) 
4 26 32 (-180.001953 12 16 ) (-192 0.001959 16 ) (-192 0.001959 8 ) (-180.001953 12 8 ) 
4 26 27 (-180.799622 19.200382 8 ) (-192 26.666367 8 ) (-192 26.664063 16 ) (-180.800476 19.199535 16 ) 
3 26 28 (-176.002335 16.001556 8 ) (-192 0.003891 8 ) (-192 26.665333 8 ) 
4 27 30 (-68 132 8 ) (-192 256 8 ) (-192 256 16 ) (-68 132 16 ) 
4 27 28 (-192 256.003906 8 ) (-67.998055 132.001953 8 ) (-180.800247 19.199764 8 ) (-192 26.665333 8 ) 
3 28 33 (-192 0 0 ) (-192 256 0 ) (-64 128 0 ) 
4 28 30 (-68 132 0 ) (-192 256 0 ) (-192 256 8 ) (-68 132 8 ) 
4 29 33 (-68 1024 0 ) (-64 1024 0 ) (-64 176 0 ) (-68 176 0 ) 
4 29 30 (-68 1024 0 ) (-68 176 0 ) (-68 176 208 ) (-68 1024 208 ) 
4 30 33 (-192 256 0 ) (-192 1024 0 ) (-68 1024 0 ) (-68 132 0 ) 
4 31 32 (-180.003876 12 208 ) (-180.003906 12 16 ) (-64 12 16 ) (-64 12 208 ) 
4 32 34 (-64 0 208 ) (-192 0 208 ) (-192 0 8 ) (-64 0 8 ) 
4 34 35 (-192 -64 1536 ) (-192 -64 0 ) (0 -64 0 ) (0 -64 1536 ) 
