PRT1
78
244
4 0 2 (2048 1024 -64 ) (2048 1024 512 ) (1024 1024 512 ) (1024 1024 -64 ) 
4 0 1 (1024 1024 -64 ) (1024 1024 512 ) (1024 2048 512 ) (1024 2048 -64 ) 
4 1 30 (0 1024 -64 ) (0 1024 512 ) (0 2048 512 ) (0 2048 -64 ) 
4 1 27 (784 1024 0 ) (128 1024 0 ) (128 1024 -64 ) (784 1024 -64 ) 
4 1 26 (1024 1024 -64 ) (1024 1024 0 ) (784 1024 0 ) (784 1024 -64 ) 
4 1 29 (128 1024 0 ) (0 1024 0 ) (0 1024 -64 ) (128 1024 -64 ) 
4 1 25 (160 1024 8 ) (0 1024 8 ) (0 1024 0 ) (160 1024 0 ) 
4 1 24 (1024 1024 0 ) (1024 1024 8 ) (160 1024 8 ) (160 1024 0 ) 
4 1 7 (608 1024 512 ) (0 1024 512 ) (0 1024 8 ) (608 1024 8 ) 
4 1 4 (864 1024 512 ) (608 1024 512 ) (608 1024 8 ) (864 1024 8 ) 
4 1 3 (1024 1024 8 ) (1024 1024 512 ) (864 1024 512 ) (864 1024 8 ) 
4 2 38 (2048 0 -64 ) (2048 0 512 ) (1024 0 512 ) (1024 0 -64 ) 
4 2 26 (1024 1024 0 ) (1024 1024 -64 ) (1024 0 -64 ) (1024 0 0 ) 
4 2 24 (1024 1024 8 ) (1024 1024 0 ) (1024 0 0 ) (1024 0 8 ) 
4 2 3 (1024 1024 512 ) (1024 1024 8 ) (1024 0 8 ) (1024 0 512 ) 
4 3 52 (1024 0 8 ) (1024 0 108 ) (864 0 108 ) (864 0 8 ) 
4 3 49 (1024 0 108 ) (1024 0 128 ) (864 0 128 ) (864 0 108 ) 
4 3 39 (1024 0 128 ) (1024 0 512 ) (864 0 512 ) (864 0 128 ) 
4 3 24 (1024 1024 8 ) (1024 0 8 ) (864 0 8 ) (864 1024 8 ) 
4 3 5 (864 0 132 ) (864 0 512 ) (864 512 512 ) (864 512 132 ) 
4 3 6 (864 512 8 ) (864 0 8 ) (864 0 128 ) (864 512 128 ) 
4 3 4 (864 1024 8 ) (864 512 8 ) (864 512 512 ) (864 1024 512 ) 
4 4 24 (608 512 8 ) (608 1024 8 ) (864 1024 8 ) (864 512 8 ) 
4 4 7 (608 1024 512 ) (608 1024 8 ) (608 512 8 ) (608 512 512 ) 
4 4 5 (864 512 132 ) (864 512 512 ) (608 512 512 ) (608 512 132 ) 
4 4 6 (864 512 8 ) (864 512 128 ) (608 512 128 ) (608 512 8 ) 
4 5 40 (864 0 512 ) (608 0 512 ) (608 0 132 ) (864 0 132 ) 
4 5 21 (608 0 135.555557 ) (608 0 512 ) (608 128 512 ) (608 128 192.444458 ) 
4 5 13 (608 0 132 ) (608 0 135.555557 ) (608 128 192.444458 ) (608 128 132 ) 
4 5 8 (608 128 512 ) (608 512 512 ) (608 512 132 ) (608 128 132 ) 
4 6 52 (608 0 108 ) (608 0 8 ) (864 0 8 ) (864 0 108 ) 
4 6 49 (608 0 128 ) (608 0 108 ) (864 0 108 ) (864 0 128 ) 
4 6 24 (864 0 8 ) (608 0 8 ) (608 512 8 ) (864 512 8 ) 
4 6 16 (608 128 8 ) (608 0 8 ) (608 0 96 ) (608 128 96 ) 
4 6 13 (608 0 96 ) (608 0 128 ) (608 128 128 ) (608 128 96 ) 
4 6 12 (608 512 8 ) (608 128 8 ) (608 128 128 ) (608 512 128 ) 
4 7 32 (0 1024 512 ) (0 1024 8 ) (0 512 8 ) (0 512 512 ) 
4 7 25 (0 512 8 ) (0 1024 8 ) (160 1024 8 ) (160 512 8 ) 
4 7 24 (160 1024 8 ) (608 1024 8 ) (608 512 8 ) (160 512 8 ) 
4 7 9 (160 512 512 ) (0 512 512 ) (0 512 132 ) (160 512 132 ) 
4 7 8 (608 512 132 ) (608 512 512 ) (160 512 512 ) (160 512 132 ) 
4 7 12 (0 512 8 ) (608 512 8 ) (608 512 128 ) (0 512 128 ) 
4 8 21 (608 128 192.444443 ) (608 128 512 ) (160 128 512 ) (160 128 192.444458 ) 
4 8 13 (608 128 132 ) (608 128 192.444443 ) (160 128 192.444458 ) (160 128 132 ) 
4 8 11 (160 128 139.555557 ) (160 128 512 ) (160 136 512 ) (160 136 136 ) 
3 8 10 (160 136 132 ) (160 128 132 ) (160 128 135.555542 ) 
4 8 9 (160 512 512 ) (160 512 132 ) (160 136 132 ) (160 136 512 ) 
4 9 32 (0 136 512 ) (0 512 512 ) (0 512 132 ) (0 136 132 ) 
4 9 11 (160 136 136 ) (160 136 512 ) (0 136 512 ) (0 136 136 ) 
3 10 34 (0 128 132 ) (0 128 135.555542 ) (0 136 132 ) 
4 10 15 (128 128 132 ) (160 128 132 ) (160 128 135.555542 ) (128 128 135.555542 ) 
4 11 33 (0 128 139.555557 ) (0 128 512 ) (0 136 512 ) (0 136 136 ) 
4 11 23 (0 128 196.444458 ) (0 128 192.444427 ) (160 128 192.444443 ) (160 128 196.444458 ) 
4 11 22 (160 128 512 ) (0 128 512 ) (0 128 196.444458 ) (160 128 196.444458 ) 
4 11 20 (0 128 192.444427 ) (0 128 139.555573 ) (126 128 139.555557 ) (126 128 192.444443 ) 
4 11 14 (126 128 139.555557 ) (160 128 139.555557 ) (160 128 192.444443 ) (126 128 192.444443 ) 
4 12 34 (0 136 8 ) (0 128 8 ) (0 128 128 ) (0 136 128 ) 
4 12 32 (0 512 8 ) (0 136 8 ) (0 136 128 ) (0 512 128 ) 
4 12 25 (0 128 8 ) (0 512 8 ) (160 512 8 ) (160 128 8 ) 
4 12 24 (160 512 8 ) (608 512 8 ) (608 128 8 ) (160 128 8 ) 
4 12 16 (128 128 8 ) (608 128 8 ) (608 128 96 ) (128 128 96 ) 
4 12 15 (160 128 128 ) (128 128 128 ) (128 128 96 ) (160 128 96 ) 
4 12 13 (608 128 96 ) (608 128 128 ) (160 128 128 ) (160 128 96 ) 
4 13 52 (608 0 96 ) (608 0 108 ) (160 0 108 ) (160 0 96 ) 
4 13 49 (608 0 108 ) (608 0 128 ) (160 0 128 ) (160 0 108 ) 
4 13 43 (256 0 135.555542 ) (160 0 135.555542 ) (160 0 132 ) (256 0 132 ) 
4 13 42 (608 0 128 ) (608 0 135.555542 ) (256 0 135.555542 ) (256 0 128 ) 
4 13 21 (608 128 192.443359 ) (160 128 192.443359 ) (160 0 135.554794 ) (608 0 135.554810 ) 
4 13 16 (160 128 96 ) (608 128 96 ) (608 0 96 ) (160 0 96 ) 
5 13 15 (160 128 96 ) (160 0 96 ) (160 0 135.553833 ) (160 64.001938 164 ) (160 128 135.555542 ) 
3 13 14 (160 68.501953 166 ) (160 128 192.442719 ) (160 128 139.555557 ) 
4 14 23 (160 128 192.443359 ) (126 128 192.443359 ) (126 68.501068 166 ) (160 68.501068 166 ) 
3 14 20 (126 68.503777 165.998322 ) (126 128 192.441406 ) (126 128 139.555573 ) 
4 15 52 (128 0 108 ) (128 0 96 ) (160 0 96 ) (160 0 108 ) 
4 15 49 (128 0 128 ) (128 0 108 ) (160 0 108 ) (160 0 128 ) 
4 15 44 (160 0 135.555542 ) (128 0 135.555542 ) (128 0 132 ) (160 0 132 ) 
4 15 16 (128 128 96 ) (160 128 96 ) (160 0 96 ) (128 0 96 ) 
4 16 52 (128 0 8 ) (608 0 8 ) (608 0 96 ) (128 0 96 ) 
4 16 24 (608 0 8 ) (160 0 8 ) (160 128 8 ) (608 128 8 ) 
4 16 17 (128 34 96 ) (128 94 96 ) (128 94 8 ) (128 34 8 ) 
4 17 19 (126 94 8 ) (126 34 8 ) (126 34 96 ) (126 94 96 ) 
4 18 19 (2 2 136 ) (2 126 136 ) (126 126 136 ) (126 2 136 ) 
3 20 33 (0 68.500031 166 ) (0 128 192.444427 ) (0 128 139.555557 ) 
4 20 23 (126 128 192.443359 ) (0 128 192.443359 ) (0 68.501053 166 ) (126 68.501045 166 ) 
4 21 43 (160 0 135.555542 ) (256 0 135.555542 ) (256 0 512 ) (160 0 512 ) 
4 21 42 (256 0 135.555542 ) (608 0 135.555542 ) (608 0 512 ) (256 0 512 ) 
4 21 23 (160 128 196.444458 ) (160 128 192.446228 ) (160 68.498001 166 ) (160 64 168 ) 
4 21 22 (160 0 512 ) (160 128 512 ) (160 128 196.444458 ) (160 0 139.555573 ) 
4 22 45 (0 0 512 ) (0 0 139.555573 ) (160 0 139.555557 ) (160 0 512 ) 
3 22 35 (0 0 139.555557 ) (0 0 196.444458 ) (0 64 168 ) 
5 22 33 (0 0 196.444458 ) (0 0 512 ) (0 128 512 ) (0 128 196.444458 ) (0 64 168 ) 
4 22 23 (0 128 196.442688 ) (160 128 196.442688 ) (160 64.001984 168 ) (0 64.001984 168 ) 
4 23 33 (0 64 168 ) (0 128 196.444458 ) (0 128 192.444427 ) (0 68.500031 166 ) 
4 24 52 (1024 0 0 ) (1024 0 8 ) (160 0 8 ) (160 0 0 ) 
4 24 27 (160 416 0 ) (160 1024 0 ) (784 1024 0 ) (784 416 0 ) 
4 24 26 (1024 0 0 ) (784 0 0 ) (784 1024 0 ) (1024 1024 0 ) 
4 24 25 (160 1024 0 ) (160 128 0 ) (160 128 8 ) (160 1024 8 ) 
4 25 34 (0 128 8 ) (0 136 8 ) (0 136 0 ) (0 128 0 ) 
4 25 32 (0 136 8 ) (0 1024 8 ) (0 1024 0 ) (0 136 0 ) 
4 25 27 (128 1024 0 ) (160 1024 0 ) (160 416 0 ) (128 416 0 ) 
4 25 29 (0 128 0 ) (0 1024 0 ) (128 1024 0 ) (128 128 0 ) 
4 26 56 (1024 0 -64 ) (1024 0 0 ) (784 0 0 ) (784 0 -64 ) 
4 26 28 (784 416 -64 ) (784 0 -64 ) (784 0 -16 ) (784 416 -16 ) 
4 26 27 (784 1024 -64 ) (784 416 -64 ) (784 416 0 ) (784 1024 0 ) 
4 27 28 (128 416 -16 ) (128 416 -64 ) (784 416 -64 ) (784 416 -16 ) 
4 27 29 (128 1024 -64 ) (128 416 -64 ) (128 416 0 ) (128 1024 0 ) 
4 28 57 (128 0 -16 ) (128 0 -64 ) (784 0 -64 ) (784 0 -16 ) 
4 28 29 (128 416 -64 ) (128 0 -64 ) (128 0 -16 ) (128 416 -16 ) 
4 29 58 (128 0 0 ) (0 0 0 ) (0 0 -64 ) (128 0 -64 ) 
4 29 34 (0 0 -64 ) (0 0 0 ) (0 136 0 ) (0 136 -64 ) 
4 29 32 (0 136 0 ) (0 1024 0 ) (0 1024 -64 ) (0 136 -64 ) 
4 30 32 (0 1024 -64 ) (0 1024 512 ) (-8 1024 512 ) (-8 1024 -64 ) 
4 30 36 (-8 1024 512 ) (-1024 1024 512 ) (-1024 1024 -64 ) (-8 1024 -64 ) 
4 30 31 (-1024 1024 -64 ) (-1024 1024 512 ) (-1024 2048 512 ) (-1024 2048 -64 ) 
4 31 37 (-1024 1024 -64 ) (-1024 1024 512 ) (-2048 1024 512 ) (-2048 1024 -64 ) 
4 32 34 (-8 136 132 ) (-8 136 -64 ) (0 136 -64 ) (0 136 132 ) 
4 32 33 (-8 136 512 ) (-8 136 136 ) (0 136 136 ) (0 136 512 ) 
4 32 36 (-8 1024 -64 ) (-8 136 -64 ) (-8 136 512 ) (-8 1024 512 ) 
4 33 71 (0 0 196.444458 ) (0 0 512 ) (-8 0 512 ) (-8 0 196.444458 ) 
4 33 35 (-8 0 196.443329 ) (-8 63.998810 168 ) (0 63.998810 168 ) (0 0 196.443344 ) 
4 33 36 (-8 0 196.444458 ) (-8 0 512 ) (-8 136 512 ) (-8 136 136 ) 
4 34 72 (0 0 -64 ) (0 0 135.555557 ) (-8 0 135.555557 ) (-8 0 -64 ) 
5 34 36 (-8 136 -64 ) (-8 0 -64 ) (-8 0 135.555557 ) (-8 64 164 ) (-8 136 132 ) 
4 35 71 (0 0 139.555557 ) (0 0 196.444458 ) (-8 0 196.444458 ) (-8 0 139.555557 ) 
3 35 36 (-8 0 139.555557 ) (-8 0 196.444458 ) (-8 64 168 ) 
4 36 74 (-8 0 512 ) (-1024 0 512 ) (-1024 0 -64 ) (-8 0 -64 ) 
4 36 37 (-1024 1024 512 ) (-1024 1024 -64 ) (-1024 0 -64 ) (-1024 0 512 ) 
4 37 75 (-1024 0 -64 ) (-1024 0 512 ) (-2048 0 512 ) (-2048 0 -64 ) 
4 38 69 (2048 -1024 -64 ) (2048 -1024 512 ) (1024 -1024 512 ) (1024 -1024 -64 ) 
4 38 68 (1024 -296 -64 ) (1024 -1024 -64 ) (1024 -1024 -8 ) (1024 -296 -8 ) 
4 38 65 (1024 -1024 -8 ) (1024 -1024 0 ) (1024 -296 0 ) (1024 -296 -8 ) 
4 38 62 (1024 -1024 0 ) (1024 -1024 128 ) (1024 -552 128 ) (1024 -552 0 ) 
4 38 59 (1024 -552 128 ) (1024 -296 128 ) (1024 -296 0 ) (1024 -552 0 ) 
4 38 56 (1024 0 0 ) (1024 0 -64 ) (1024 -296 -64 ) (1024 -296 0 ) 
4 38 53 (1024 -292 0 ) (1024 -296 0 ) (1024 -296 108 ) (1024 -292 108 ) 
4 38 52 (1024 0 108 ) (1024 0 0 ) (1024 -292 0 ) (1024 -292 108 ) 
4 38 50 (1024 -292 108 ) (1024 -296 108 ) (1024 -296 128 ) (1024 -292 128 ) 
4 38 49 (1024 0 128 ) (1024 0 108 ) (1024 -292 108 ) (1024 -292 128 ) 
4 38 39 (1024 0 512 ) (1024 0 128 ) (1024 -1024 128 ) (1024 -1024 512 ) 
4 39 70 (1024 -1024 128 ) (1024 -1024 512 ) (864 -1024 512 ) (864 -1024 128 ) 
4 39 62 (1024 -552 128 ) (1024 -1024 128 ) (864 -1024 128 ) (864 -552 128 ) 
4 39 59 (1024 -296 128 ) (1024 -552 128 ) (864 -552 128 ) (864 -296 128 ) 
4 39 50 (1024 -292 128 ) (1024 -296 128 ) (864 -296 128 ) (864 -292 128 ) 
4 39 49 (864 0 128 ) (1024 0 128 ) (1024 -292 128 ) (864 -292 128 ) 
4 39 40 (864 -576 132 ) (864 -576 512 ) (864 0 512 ) (864 0 132 ) 
4 39 41 (864 -576 128 ) (864 -1024 128 ) (864 -1024 512 ) (864 -576 512 ) 
4 40 47 (608 -192 132 ) (608 -576 132 ) (608 -576 512 ) (608 -192 512 ) 
4 40 42 (608 0 512 ) (608 0 132 ) (608 -192 132 ) (608 -192 512 ) 
4 40 41 (864 -576 132 ) (864 -576 512 ) (608 -576 512 ) (608 -576 132 ) 
4 41 70 (864 -1024 512 ) (608 -1024 512 ) (608 -1024 128 ) (864 -1024 128 ) 
4 41 63 (640 -1024 128 ) (608 -1024 128 ) (608 -576 128 ) (640 -576 128 ) 
4 41 62 (864 -576 128 ) (864 -1024 128 ) (640 -1024 128 ) (640 -576 128 ) 
4 41 48 (608 -576 128 ) (608 -1024 128 ) (608 -1024 132 ) (608 -576 132 ) 
4 41 47 (608 -1024 132 ) (608 -1024 512 ) (608 -576 512 ) (608 -576 132 ) 
4 42 49 (256 0 128 ) (608 0 128 ) (608 -192 128 ) (256 -192 128 ) 
4 42 47 (608 -192 132 ) (608 -192 512 ) (256 -192 512 ) (256 -192 132 ) 
4 42 43 (256 -192 132 ) (256 -192 512 ) (256 0 512 ) (256 0 132 ) 
4 43 47 (256 -192 132 ) (256 -192 512 ) (160 -192 512 ) (160 -192 132 ) 
4 43 46 (160 -192 132 ) (160 -192 512 ) (160 -8 512 ) (160 -8 132 ) 
4 43 45 (160 -8 512 ) (160 0 512 ) (160 0 139.555573 ) (160 -8 136 ) 
3 43 44 (160 0 135.555573 ) (160 0 132 ) (160 -8 132 ) 
3 44 72 (0 0 135.555542 ) (0 0 132 ) (0 -8 132 ) 
4 45 71 (0 0 512 ) (0 0 139.555573 ) (0 -8 136 ) (0 -8 512 ) 
4 45 46 (160 -8 136 ) (160 -8 512 ) (0 -8 512 ) (0 -8 136 ) 
4 46 73 (0 -192 132 ) (0 -192 512 ) (0 -8 512 ) (0 -8 132 ) 
4 46 47 (160 -192 132 ) (160 -192 512 ) (0 -192 512 ) (0 -192 132 ) 
4 47 73 (0 -1024 132 ) (0 -1024 512 ) (0 -192 512 ) (0 -192 132 ) 
4 47 70 (0 -1024 512 ) (0 -1024 132 ) (608 -1024 132 ) (608 -1024 512 ) 
4 47 48 (0 -1024 132 ) (0 -576 132 ) (608 -576 132 ) (608 -1024 132 ) 
4 48 73 (0 -576 128 ) (0 -1024 128 ) (0 -1024 132 ) (0 -576 132 ) 
4 48 70 (0 -1024 132 ) (0 -1024 128 ) (608 -1024 128 ) (608 -1024 132 ) 
4 48 63 (608 -576 128 ) (608 -1024 128 ) (376 -1024 128 ) (376 -576 128 ) 
4 48 64 (376 -1024 128 ) (0 -1024 128 ) (0 -576 128 ) (376 -576 128 ) 
4 49 72 (0 0 128 ) (0 0 108 ) (0 -8 108 ) (0 -8 128 ) 
4 49 73 (0 -8 108 ) (0 -292 108 ) (0 -292 128 ) (0 -8 128 ) 
4 49 52 (0 -292 108 ) (0 0 108 ) (1024 0 108 ) (1024 -292 108 ) 
4 49 51 (0 -292 108 ) (376 -292 108 ) (376 -292 128 ) (0 -292 128 ) 
4 49 50 (640 -292 108 ) (1024 -292 108 ) (1024 -292 128 ) (640 -292 128 ) 
4 50 59 (1024 -296 128 ) (640 -296 128 ) (640 -296 108 ) (1024 -296 108 ) 
4 50 53 (1024 -296 108 ) (640 -296 108 ) (640 -292 108 ) (1024 -292 108 ) 
4 51 73 (0 -292 108 ) (0 -296 108 ) (0 -296 128 ) (0 -292 128 ) 
4 51 61 (376 -296 128 ) (0 -296 128 ) (0 -296 108 ) (376 -296 108 ) 
4 51 55 (376 -296 108 ) (0 -296 108 ) (0 -292 108 ) (376 -292 108 ) 
4 52 72 (0 0 108 ) (0 0 0 ) (0 -8 0 ) (0 -8 108 ) 
4 52 73 (0 -8 0 ) (0 -292 0 ) (0 -292 108 ) (0 -8 108 ) 
4 52 56 (784 0 0 ) (1024 0 0 ) (1024 -292 0 ) (784 -292 0 ) 
4 52 58 (0 -292 0 ) (0 0 0 ) (128 0 0 ) (128 -292 0 ) 
4 52 55 (0 -292 0 ) (376 -292 0 ) (376 -292 108 ) (0 -292 108 ) 
4 52 54 (484 -292 0 ) (532 -292 0 ) (532 -292 108 ) (484 -292 108 ) 
4 52 53 (640 -292 0 ) (1024 -292 0 ) (1024 -292 108 ) (640 -292 108 ) 
4 53 59 (640 -296 0 ) (1024 -296 0 ) (1024 -296 108 ) (640 -296 108 ) 
4 53 56 (1024 -296 0 ) (784 -296 0 ) (784 -292 0 ) (1024 -292 0 ) 
4 54 60 (484 -296 0 ) (532 -296 0 ) (532 -296 108 ) (484 -296 108 ) 
4 55 73 (0 -292 0 ) (0 -296 0 ) (0 -296 108 ) (0 -292 108 ) 
4 55 61 (0 -296 108 ) (0 -296 0 ) (376 -296 0 ) (376 -296 108 ) 
4 55 58 (128 -296 0 ) (0 -296 0 ) (0 -292 0 ) (128 -292 0 ) 
4 56 68 (784 -296 -64 ) (1024 -296 -64 ) (1024 -296 -8 ) (784 -296 -8 ) 
4 56 65 (1024 -296 -8 ) (1024 -296 0 ) (784 -296 0 ) (784 -296 -8 ) 
4 56 57 (784 0 -64 ) (784 -296 -64 ) (784 -296 -16 ) (784 0 -16 ) 
4 57 68 (128 -296 -64 ) (784 -296 -64 ) (784 -296 -16 ) (128 -296 -16 ) 
4 57 58 (128 0 -64 ) (128 -296 -64 ) (128 -296 -16 ) (128 0 -16 ) 
4 58 72 (0 0 0 ) (0 0 -64 ) (0 -8 -64 ) (0 -8 0 ) 
4 58 73 (0 -8 -64 ) (0 -296 -64 ) (0 -296 0 ) (0 -8 0 ) 
4 58 68 (0 -296 -8 ) (0 -296 -64 ) (128 -296 -64 ) (128 -296 -8 ) 
4 58 67 (0 -296 0 ) (0 -296 -8 ) (128 -296 -8 ) (128 -296 0 ) 
4 59 65 (640 -296 0 ) (1024 -296 0 ) (1024 -552 0 ) (640 -552 0 ) 
4 59 62 (640 -552 0 ) (1024 -552 0 ) (1024 -552 128 ) (640 -552 128 ) 
4 61 73 (0 -552 128 ) (0 -296 128 ) (0 -296 0 ) (0 -552 0 ) 
4 61 67 (0 -296 0 ) (376 -296 0 ) (376 -552 0 ) (0 -552 0 ) 
4 61 64 (0 -552 0 ) (376 -552 0 ) (376 -552 128 ) (0 -552 128 ) 
4 62 70 (1024 -1024 0 ) (1024 -1024 128 ) (640 -1024 128 ) (640 -1024 0 ) 
4 62 65 (1024 -552 0 ) (1024 -1024 0 ) (640 -1024 0 ) (640 -552 0 ) 
4 62 63 (640 -560 0 ) (640 -1024 0 ) (640 -1024 128 ) (640 -560 128 ) 
4 63 70 (640 -1024 128 ) (376 -1024 128 ) (376 -1024 0 ) (640 -1024 0 ) 
4 63 66 (632 -1024 0 ) (384 -1024 0 ) (384 -560 0 ) (632 -560 0 ) 
4 63 65 (640 -1024 0 ) (632 -1024 0 ) (632 -560 0 ) (640 -560 0 ) 
4 63 67 (384 -1024 0 ) (376 -1024 0 ) (376 -560 0 ) (384 -560 0 ) 
4 63 64 (376 -560 0 ) (376 -1024 0 ) (376 -1024 128 ) (376 -560 128 ) 
4 64 73 (0 -1024 0 ) (0 -1024 128 ) (0 -552 128 ) (0 -552 0 ) 
4 64 70 (376 -1024 128 ) (0 -1024 128 ) (0 -1024 0 ) (376 -1024 0 ) 
4 64 67 (376 -1024 0 ) (0 -1024 0 ) (0 -552 0 ) (376 -552 0 ) 
4 65 70 (1024 -1024 -8 ) (1024 -1024 0 ) (632 -1024 0 ) (632 -1024 -8 ) 
4 65 68 (1024 -1024 -8 ) (632 -1024 -8 ) (632 -296 -8 ) (1024 -296 -8 ) 
4 65 66 (632 -552 -8 ) (632 -1024 -8 ) (632 -1024 0 ) (632 -552 0 ) 
4 66 70 (632 -1024 0 ) (384 -1024 0 ) (384 -1024 -8 ) (632 -1024 -8 ) 
4 66 68 (632 -1024 -8 ) (384 -1024 -8 ) (384 -552 -8 ) (632 -552 -8 ) 
4 66 67 (384 -552 -8 ) (384 -1024 -8 ) (384 -1024 0 ) (384 -552 0 ) 
4 67 73 (0 -1024 -8 ) (0 -1024 0 ) (0 -296 0 ) (0 -296 -8 ) 
4 67 70 (384 -1024 0 ) (0 -1024 0 ) (0 -1024 -8 ) (384 -1024 -8 ) 
4 67 68 (384 -1024 -8 ) (0 -1024 -8 ) (0 -296 -8 ) (384 -296 -8 ) 
4 68 73 (0 -1024 -64 ) (0 -1024 -8 ) (0 -296 -8 ) (0 -296 -64 ) 
4 68 70 (1024 -1024 -64 ) (1024 -1024 -8 ) (0 -1024 -8 ) (0 -1024 -64 ) 
4 69 70 (1024 -1024 512 ) (1024 -1024 -64 ) (1024 -2048 -64 ) (1024 -2048 512 ) 
4 70 76 (0 -2048 -64 ) (0 -2048 512 ) (0 -1024 512 ) (0 -1024 -64 ) 
4 71 73 (-8 -8 512 ) (-8 -8 136 ) (0 -8 136 ) (0 -8 512 ) 
4 71 74 (-8 -8 136 ) (-8 -8 512 ) (-8 0 512 ) (-8 0 139.555573 ) 
4 72 74 (-8 0 -64 ) (-8 -8 -64 ) (-8 -8 132 ) (-8 0 135.555557 ) 
4 72 73 (-8 -8 132 ) (-8 -8 -64 ) (0 -8 -64 ) (0 -8 132 ) 
4 73 76 (0 -1024 -64 ) (0 -1024 512 ) (-8 -1024 512 ) (-8 -1024 -64 ) 
4 73 74 (-8 -8 -64 ) (-8 -1024 -64 ) (-8 -1024 512 ) (-8 -8 512 ) 
4 74 76 (-8 -1024 512 ) (-1024 -1024 512 ) (-1024 -1024 -64 ) (-8 -1024 -64 ) 
4 74 75 (-1024 0 512 ) (-1024 0 -64 ) (-1024 -1024 -64 ) (-1024 -1024 512 ) 
4 75 77 (-1024 -1024 -64 ) (-1024 -1024 512 ) (-2048 -1024 512 ) (-2048 -1024 -64 ) 
4 76 77 (-1024 -1024 512 ) (-1024 -1024 -64 ) (-1024 -2048 -64 ) (-1024 -2048 512 ) 
