


materialPath: D:\VCCMod\VCCMod1Assts\materials
Loading d:\vccmod\vccmod1assts\sources\maps\toothpaste\c2_wakeup.vmf
Map revision 88
Could not locate 'GameData' key in d:\vccmod\vccmod1assts\gameinfo.txt
Patching WVT material: maps/c2_wakeup/nature/blenddirtmud01_wvt_patch
fixing up env_cubemap materials on brush sides...
0...1...2...3...4...5...6...7...8...9...100...1...2...3...4...5...6...7...8...9...10Processing areas...done (0)
Building Faces...done (0)
Chop Details...done (0)
Find Visible Detail Sides...done (0)
Merging details...done (0)
FixTjuncs...
PruneNodes...
WriteBSP...
done (0)
writing d:\vccmod\vccmod1assts\sources\maps\toothpaste\c2_wakeup.prt...Building visibility clusters...
done (0)
Finding displacement neighbors...
Finding lightmap sample positions...
Displacement Alpha : 0...1...2...3...4...5...6...7...8...9...10
Building Physics collision data...
done (0) (24757 bytes)
Placing detail props : 0...1...2...3...4...5...6...7...8...9...10
Compacting texture/material tables...
Reduced 115 texinfos to 60
Reduced 18 texdatas to 14 (445 bytes to 360)
Writing d:\vccmod\vccmod1assts\sources\maps\toothpaste\c2_wakeup.bsp
0 seconds elapsed



12 threads
reading d:\vccmod\vccmod1assts\sources\maps\toothpaste\c2_wakeup.bsp
reading d:\vccmod\vccmod1assts\sources\maps\toothpaste\c2_wakeup.prt
  78 portalclusters
 244 numportals
0...1...2...3...4...5...6...7...8...9...100...1...2...3...4...5...6...7...8...9...10Optimized: 5 visible clusters (0.00%)
Total clusters visible: 5453
Average clusters visible: 69
Building PAS...
Average clusters audible: 78
visdatasize:2192  compressed from 2496
writing d:\vccmod\vccmod1assts\sources\maps\toothpaste\c2_wakeup.bsp
0 seconds elapsed



[Reading texlights from 'lights.rad']
[49 texlights parsed from 'lights.rad']

Loading d:\vccmod\vccmod1assts\sources\maps\toothpaste\c2_wakeup.bsp
309 faces
1 degenerate faces
321132 square feet [46243032.00 square inches]
0 Displacements
0 Square Feet [0.00 Square Inches]
308 patches before subdivision
2746 patches after subdivision
4 direct lights
0...1...2...3...4...5...6...7...8...9...100...1...2...3...4...5...6...7...8...9...10transfers 104918, max 222
transfer lists:   0.8 megs
0...1...2...3...4...5...6...7...8...9...10	Bounce #1 added RGB(4911, 4326, 2773)
0...1...2...3...4...5...6...7...8...9...10	Bounce #2 added RGB(832, 600, 304)
0...1...2...3...4...5...6...7...8...9...10	Bounce #3 added RGB(140, 82, 33)
0...1...2...3...4...5...6...7...8...9...10	Bounce #4 added RGB(24, 11, 3)
0...1...2...3...4...5...6...7...8...9...10	Bounce #5 added RGB(4, 2, 0)
0...1...2...3...4...5...6...7...8...9...10	Bounce #6 added RGB(1, 0, 0)
Build Patch/Sample Hash Table(s).....Done<0.0005 sec>
0...1...2...3...4...5...6...7...8...9...10FinalLightFace Done
0 of 0 (0% of) surface lights went in leaf ambient cubes.
0...1...2...3...4...5...6...7...8...9...10Writing leaf ambient...done
Computing static prop lighting : 00...1...2...3...4...5...6...7...8...9...10
Ready to Finish

Object names       Objects/Maxobjs  Memory / Maxmem  Fullness 
------------       ---------------  ---------------  -------- 
models                   2/4096           96/196608   ( 0.0%) 
brushes                 65/32768         780/393216   ( 0.2%) 
brushsides             417/65536        3336/524288   ( 0.6%) 
planes                 248/65536        4960/1310720  ( 0.4%) 
vertexes               598/65536        7176/786432   ( 0.9%) 
nodes                  161/65536        5152/2097152  ( 0.2%) 
texinfos                60/12288        4320/884736   ( 0.5%) 
texdata                 14/2048          448/65536    ( 0.7%) 
dispinfos                0/0               0/0        ( 0.0%) 
disp_verts               0/0               0/0        ( 0.0%) 
disp_tris                0/0               0/0        ( 0.0%) 
disp_lmsamples           0/0               0/0        ( 0.0%) 
faces                  309/65536       17304/3670016  ( 0.5%) 
hdr faces              309/65536       17304/3670016  ( 0.5%) 
origfaces              199/65536       11144/3670016  ( 0.3%) 
leaves                 164/65536        5248/2097152  ( 0.3%) 
leaffaces              370/65536         740/131072   ( 0.6%) 
leafbrushes            131/65536         262/131072   ( 0.2%) 
areas                    2/1024           16/8192     ( 0.2%) 
surfedges             2430/512000       9720/2048000  ( 0.5%) 
edges                 1557/256000       6228/1024000  ( 0.6%) 
LDR worldlights          0/16384           0/1441792  ( 0.0%) 
HDR worldlights          4/16384         352/1441792  ( 0.0%) 
leafwaterdata            0/32768           0/393216   ( 0.0%) 
waterstrips             43/131072        430/1310720  ( 0.0%) 
waterverts               0/131072          0/1572864  ( 0.0%) 
waterindices          1065/131072       2130/262144   ( 0.8%) 
cubemapsamples           1/1024           16/16384    ( 0.1%) 
overlays                 0/1024            0/360448   ( 0.0%) 
LDR lightdata         [variable]           0/0        ( 0.0%) 
HDR lightdata         [variable]       75764/0        ( 0.0%) 
visdata               [variable]        2192/16777216 ( 0.0%) 
entdata               [variable]        6061/393216   ( 1.5%) 
LDR ambient table      164/65536         656/262144   ( 0.3%) 
HDR ambient table      164/65536         656/262144   ( 0.3%) 
LDR leaf ambient       164/65536        4592/1835008  ( 0.3%) 
HDR leaf ambient       858/65536       24024/1835008  ( 1.3%) 
occluders                0/0               0/0        ( 0.0%) 
occluder polygons        0/0               0/0        ( 0.0%) 
occluder vert ind        0/0               0/0        ( 0.0%) 
detail props          [variable]           1/12       ( 8.3%) 
static props          [variable]           1/1620     ( 0.1%) 
pakfile               [variable]       27611/0        ( 0.0%) 
physics               [variable]       24757/4194304  ( 0.6%) 
physics terrain       [variable]           2/1048576  ( 0.0%) 

Level flags = 2

Total triangle count: 1009
Writing d:\vccmod\vccmod1assts\sources\maps\toothpaste\c2_wakeup.bsp
2 seconds elapsed



materialPath: D:\VCCMod\VCCMod1Assts\materials
Loading d:\vccmod\vccmod1assts\sources\maps\toothpaste\c2_wakeup.vmf
Map revision 90
Could not locate 'GameData' key in d:\vccmod\vccmod1assts\gameinfo.txt
Patching WVT material: maps/c2_wakeup/nature/blenddirtmud01_wvt_patch
fixing up env_cubemap materials on brush sides...
0...1...2...3...4...5...6...7...8...9...100...1...2...3...4...5...6...7...8...9...10Processing areas...done (0)
Building Faces...done (0)
Chop Details...done (0)
Find Visible Detail Sides...done (0)
Merging details...done (0)
FixTjuncs...
PruneNodes...
WriteBSP...
done (0)
writing d:\vccmod\vccmod1assts\sources\maps\toothpaste\c2_wakeup.prt...Building visibility clusters...
done (0)
Finding displacement neighbors...
Finding lightmap sample positions...
Displacement Alpha : 0...1...2...3...4...5...6...7...8...9...10
Building Physics collision data...
done (0) (28205 bytes)
Placing detail props : 0...1...2...3...4...5...6...7...8...9...10
Compacting texture/material tables...
Reduced 121 texinfos to 63
Reduced 18 texdatas to 14 (445 bytes to 360)
Writing d:\vccmod\vccmod1assts\sources\maps\toothpaste\c2_wakeup.bsp
2 seconds elapsed



12 threads
reading d:\vccmod\vccmod1assts\sources\maps\toothpaste\c2_wakeup.bsp
reading d:\vccmod\vccmod1assts\sources\maps\toothpaste\c2_wakeup.prt
  78 portalclusters
 244 numportals
0...1...2...3...4...5...6...7...8...9...100...1...2...3...4...5...6...7...8...9...10Optimized: 5 visible clusters (0.00%)
Total clusters visible: 5453
Average clusters visible: 69
Building PAS...
Average clusters audible: 78
visdatasize:2192  compressed from 2496
writing d:\vccmod\vccmod1assts\sources\maps\toothpaste\c2_wakeup.bsp
0 seconds elapsed



[Reading texlights from 'lights.rad']
[49 texlights parsed from 'lights.rad']

Loading d:\vccmod\vccmod1assts\sources\maps\toothpaste\c2_wakeup.bsp
345 faces
1 degenerate faces
321260 square feet [46261464.00 square inches]
0 Displacements
0 Square Feet [0.00 Square Inches]
344 patches before subdivision
2854 patches after subdivision
4 direct lights
0...1...2...3...4...5...6...7...8...9...100...1...2...3...4...5...6...7...8...9...10transfers 113065, max 237
transfer lists:   0.9 megs
0...1...2...3...4...5...6...7...8...9...10	Bounce #1 added RGB(4949, 4376, 2797)
0...1...2...3...4...5...6...7...8...9...10	Bounce #2 added RGB(836, 604, 306)
0...1...2...3...4...5...6...7...8...9...10	Bounce #3 added RGB(140, 83, 33)
0...1...2...3...4...5...6...7...8...9...10	Bounce #4 added RGB(24, 11, 3)
0...1...2...3...4...5...6...7...8...9...10	Bounce #5 added RGB(4, 2, 0)
0...1...2...3...4...5...6...7...8...9...10	Bounce #6 added RGB(1, 0, 0)
Build Patch/Sample Hash Table(s).....Done<0.0003 sec>
0...1...2...3...4...5...6...7...8...9...10FinalLightFace Done
0 of 0 (0% of) surface lights went in leaf ambient cubes.
0...1...2...3...4...5...6...7...8...9...10Writing leaf ambient...done
Computing static prop lighting : 00...1...2...3...4...5...6...7...8...9...10
Ready to Finish

Object names       Objects/Maxobjs  Memory / Maxmem  Fullness 
------------       ---------------  ---------------  -------- 
models                   2/4096           96/196608   ( 0.0%) 
brushes                 74/32768         888/393216   ( 0.2%) 
brushsides             471/65536        3768/524288   ( 0.7%) 
planes                 270/65536        5400/1310720  ( 0.4%) 
vertexes               665/65536        7980/786432   ( 1.0%) 
nodes                  161/65536        5152/2097152  ( 0.2%) 
texinfos                63/12288        4536/884736   ( 0.5%) 
texdata                 14/2048          448/65536    ( 0.7%) 
dispinfos                0/0               0/0        ( 0.0%) 
disp_verts               0/0               0/0        ( 0.0%) 
disp_tris                0/0               0/0        ( 0.0%) 
disp_lmsamples           0/0               0/0        ( 0.0%) 
faces                  345/65536       19320/3670016  ( 0.5%) 
hdr faces              345/65536       19320/3670016  ( 0.5%) 
origfaces              235/65536       13160/3670016  ( 0.4%) 
leaves                 164/65536        5248/2097152  ( 0.3%) 
leaffaces              446/65536         892/131072   ( 0.7%) 
leafbrushes            149/65536         298/131072   ( 0.2%) 
areas                    2/1024           16/8192     ( 0.2%) 
surfedges             2762/512000      11048/2048000  ( 0.5%) 
edges                 1795/256000       7180/1024000  ( 0.7%) 
LDR worldlights          0/16384           0/1441792  ( 0.0%) 
HDR worldlights          4/16384         352/1441792  ( 0.0%) 
leafwaterdata            0/32768           0/393216   ( 0.0%) 
waterstrips             45/131072        450/1310720  ( 0.0%) 
waterverts               0/131072          0/1572864  ( 0.0%) 
waterindices          1128/131072       2256/262144   ( 0.9%) 
cubemapsamples           1/1024           16/16384    ( 0.1%) 
overlays                 0/1024            0/360448   ( 0.0%) 
LDR lightdata         [variable]           0/0        ( 0.0%) 
HDR lightdata         [variable]       77348/0        ( 0.0%) 
visdata               [variable]        2192/16777216 ( 0.0%) 
entdata               [variable]        6061/393216   ( 1.5%) 
LDR ambient table      164/65536         656/262144   ( 0.3%) 
HDR ambient table      164/65536         656/262144   ( 0.3%) 
LDR leaf ambient       164/65536        4592/1835008  ( 0.3%) 
HDR leaf ambient       852/65536       23856/1835008  ( 1.3%) 
occluders                0/0               0/0        ( 0.0%) 
occluder polygons        0/0               0/0        ( 0.0%) 
occluder vert ind        0/0               0/0        ( 0.0%) 
detail props          [variable]           1/12       ( 8.3%) 
static props          [variable]           1/2682     ( 0.0%) 
pakfile               [variable]      210083/0        ( 0.0%) 
physics               [variable]       28205/4194304  ( 0.7%) 
physics terrain       [variable]           2/1048576  ( 0.0%) 

Level flags = 2

Total triangle count: 1125
Writing d:\vccmod\vccmod1assts\sources\maps\toothpaste\c2_wakeup.bsp
3 seconds elapsed



materialPath: D:\VCCMod\VCCMod1Assts\materials
Loading d:\vccmod\vccmod1assts\sources\maps\toothpaste\c2_wakeup.vmf
Map revision 91
Could not locate 'GameData' key in d:\vccmod\vccmod1assts\gameinfo.txt
Patching WVT material: maps/c2_wakeup/nature/blenddirtmud01_wvt_patch
fixing up env_cubemap materials on brush sides...
0...1...2...3...4...5...6...7...8...9...100...1...2...3...4...5...6...7...8...9...10Processing areas...done (0)
Building Faces...done (0)
Chop Details...done (0)
Find Visible Detail Sides...done (0)
Merging details...done (0)
FixTjuncs...
PruneNodes...
WriteBSP...
done (0)
writing d:\vccmod\vccmod1assts\sources\maps\toothpaste\c2_wakeup.prt...Building visibility clusters...
done (0)
Finding displacement neighbors...
Finding lightmap sample positions...
Displacement Alpha : 0...1...2...3...4...5...6...7...8...9...10
Building Physics collision data...
done (0) (28205 bytes)
Placing detail props : 0...1...2...3...4...5...6...7...8...9...10
Compacting texture/material tables...
Reduced 121 texinfos to 63
Reduced 18 texdatas to 14 (445 bytes to 360)
Writing d:\vccmod\vccmod1assts\sources\maps\toothpaste\c2_wakeup.bsp
0 seconds elapsed



12 threads
reading d:\vccmod\vccmod1assts\sources\maps\toothpaste\c2_wakeup.bsp
reading d:\vccmod\vccmod1assts\sources\maps\toothpaste\c2_wakeup.prt
  78 portalclusters
 244 numportals
0...1...2...3...4...5...6...7...8...9...100...1...2...3...4...5...6...7...8...9...10Optimized: 5 visible clusters (0.00%)
Total clusters visible: 5453
Average clusters visible: 69
Building PAS...
Average clusters audible: 78
visdatasize:2192  compressed from 2496
writing d:\vccmod\vccmod1assts\sources\maps\toothpaste\c2_wakeup.bsp
0 seconds elapsed



[Reading texlights from 'lights.rad']
[49 texlights parsed from 'lights.rad']

Loading d:\vccmod\vccmod1assts\sources\maps\toothpaste\c2_wakeup.bsp
345 faces
1 degenerate faces
321260 square feet [46261464.00 square inches]
0 Displacements
0 Square Feet [0.00 Square Inches]
344 patches before subdivision
2854 patches after subdivision
4 direct lights
0...1...2...3...4...5...6...7...8...9...100...1...2...3...4...5...6...7...8...9...10transfers 113065, max 237
transfer lists:   0.9 megs
0...1...2...3...4...5...6...7...8...9...10	Bounce #1 added RGB(4949, 4376, 2797)
0...1...2...3...4...5...6...7...8...9...10	Bounce #2 added RGB(836, 604, 306)
0...1...2...3...4...5...6...7...8...9...10	Bounce #3 added RGB(140, 83, 33)
0...1...2...3...4...5...6...7...8...9...10	Bounce #4 added RGB(24, 11, 3)
0...1...2...3...4...5...6...7...8...9...10	Bounce #5 added RGB(4, 2, 0)
0...1...2...3...4...5...6...7...8...9...10	Bounce #6 added RGB(1, 0, 0)
Build Patch/Sample Hash Table(s).....Done<0.0004 sec>
0...1...2...3...4...5...6...7...8...9...10FinalLightFace Done
0 of 0 (0% of) surface lights went in leaf ambient cubes.
0...1...2...3...4...5...6...7...8...9...10Writing leaf ambient...done
Computing static prop lighting : 00...1...2...3...4...5...6...7...8...9...10
Ready to Finish

Object names       Objects/Maxobjs  Memory / Maxmem  Fullness 
------------       ---------------  ---------------  -------- 
models                   2/4096           96/196608   ( 0.0%) 
brushes                 74/32768         888/393216   ( 0.2%) 
brushsides             471/65536        3768/524288   ( 0.7%) 
planes                 270/65536        5400/1310720  ( 0.4%) 
vertexes               665/65536        7980/786432   ( 1.0%) 
nodes                  161/65536        5152/2097152  ( 0.2%) 
texinfos                63/12288        4536/884736   ( 0.5%) 
texdata                 14/2048          448/65536    ( 0.7%) 
dispinfos                0/0               0/0        ( 0.0%) 
disp_verts               0/0               0/0        ( 0.0%) 
disp_tris                0/0               0/0        ( 0.0%) 
disp_lmsamples           0/0               0/0        ( 0.0%) 
faces                  345/65536       19320/3670016  ( 0.5%) 
hdr faces              345/65536       19320/3670016  ( 0.5%) 
origfaces              235/65536       13160/3670016  ( 0.4%) 
leaves                 164/65536        5248/2097152  ( 0.3%) 
leaffaces              446/65536         892/131072   ( 0.7%) 
leafbrushes            149/65536         298/131072   ( 0.2%) 
areas                    2/1024           16/8192     ( 0.2%) 
surfedges             2762/512000      11048/2048000  ( 0.5%) 
edges                 1795/256000       7180/1024000  ( 0.7%) 
LDR worldlights          0/16384           0/1441792  ( 0.0%) 
HDR worldlights          4/16384         352/1441792  ( 0.0%) 
leafwaterdata            0/32768           0/393216   ( 0.0%) 
waterstrips             45/131072        450/1310720  ( 0.0%) 
waterverts               0/131072          0/1572864  ( 0.0%) 
waterindices          1128/131072       2256/262144   ( 0.9%) 
cubemapsamples           1/1024           16/16384    ( 0.1%) 
overlays                 0/1024            0/360448   ( 0.0%) 
LDR lightdata         [variable]           0/0        ( 0.0%) 
HDR lightdata         [variable]       77348/0        ( 0.0%) 
visdata               [variable]        2192/16777216 ( 0.0%) 
entdata               [variable]        6061/393216   ( 1.5%) 
LDR ambient table      164/65536         656/262144   ( 0.3%) 
HDR ambient table      164/65536         656/262144   ( 0.3%) 
LDR leaf ambient       164/65536        4592/1835008  ( 0.3%) 
HDR leaf ambient       852/65536       23856/1835008  ( 1.3%) 
occluders                0/0               0/0        ( 0.0%) 
occluder polygons        0/0               0/0        ( 0.0%) 
occluder vert ind        0/0               0/0        ( 0.0%) 
detail props          [variable]           1/12       ( 8.3%) 
static props          [variable]           1/2682     ( 0.0%) 
pakfile               [variable]      210083/0        ( 0.0%) 
physics               [variable]       28205/4194304  ( 0.7%) 
physics terrain       [variable]           2/1048576  ( 0.0%) 

Level flags = 2

Total triangle count: 1125
Writing d:\vccmod\vccmod1assts\sources\maps\toothpaste\c2_wakeup.bsp
4 seconds elapsed
